2025-06-14 01:22:21,267 - INFO - Selected 290 good tickers out of 401
2025-06-14 01:22:21,267 - INFO - Using volatility filter \u2192 keeping top 50 tickers
2025-06-14 01:22:22,560 - INFO - [correlation filter] 573 pairs passed correlation threshold (0.8)
2025-06-14 01:22:23,701 - INFO - Found cointegrated pair: BTCUSDT-WBTCUSDT, p-value=0.0000
2025-06-14 01:22:24,108 - INFO - Found cointegrated pair: BTCUSDT-TAOUSDT, p-value=0.0218
2025-06-14 01:22:32,236 - INFO - Found cointegrated pair: WBTCUSDT-TAOUSDT, p-value=0.0221
2025-06-14 01:22:33,260 - INFO - Found cointegrated pair: WBTCUSDT-AAVEUSDT, p-value=0.0440
2025-06-14 01:22:35,178 - INFO - Found cointegrated pair: WBTCUSDT-QNTUSDT, p-value=0.0424
2025-06-14 01:22:40,511 - INFO - Found cointegrated pair: YFIUSDT-BIFIUSDT, p-value=0.0002
2025-06-14 01:22:43,370 - INFO - Found cointegrated pair: YFIUSDT-AAVEUSDT, p-value=0.0475
2025-06-14 01:22:51,337 - INFO - Found cointegrated pair: YFIUSDT-COMPUSDT, p-value=0.0000
2025-06-14 01:22:54,171 - INFO - Found cointegrated pair: YFIUSDT-EGLDUSDT, p-value=0.0085
2025-06-14 01:22:56,796 - INFO - Found cointegrated pair: YFIUSDT-LPTUSDT, p-value=0.0010
2025-06-14 01:23:03,025 - INFO - Found cointegrated pair: YFIUSDT-KSMUSDT, p-value=0.0000
2025-06-14 01:23:05,551 - INFO - Found cointegrated pair: YFIUSDT-FARMUSDT, p-value=0.0000
2025-06-14 01:23:05,676 - INFO - Found cointegrated pair: YFIUSDT-TRUMPUSDT, p-value=0.0000
2025-06-14 01:23:08,494 - INFO - Found cointegrated pair: YFIUSDT-DASHUSDT, p-value=0.0000
2025-06-14 01:23:10,585 - INFO - Found cointegrated pair: YFIUSDT-ENSUSDT, p-value=0.0068
2025-06-14 01:23:13,345 - INFO - Found cointegrated pair: YFIUSDT-LINKUSDT, p-value=0.0094
2025-06-14 01:23:19,048 - INFO - Found cointegrated pair: YFIUSDT-ILVUSDT, p-value=0.0003
2025-06-14 01:23:21,939 - INFO - Found cointegrated pair: YFIUSDT-ETCUSDT, p-value=0.0000
2025-06-14 01:23:25,862 - INFO - Found cointegrated pair: YFIUSDT-ZENUSDT, p-value=0.0000
2025-06-14 01:23:29,726 - INFO - Found cointegrated pair: YFIUSDT-UNIUSDT, p-value=0.0001
2025-06-14 01:23:31,796 - INFO - Found cointegrated pair: YFIUSDT-MOVRUSDT, p-value=0.0000
2025-06-14 01:23:34,518 - INFO - Found cointegrated pair: YFIUSDT-NMRUSDT, p-value=0.0001
2025-06-14 01:23:36,876 - INFO - Found cointegrated pair: YFIUSDT-ARUSDT, p-value=0.0095
2025-06-14 01:23:38,670 - INFO - Found cointegrated pair: YFIUSDT-ALCXUSDT, p-value=0.0000
